2024-02-29T00:56:31.880+02:00  INFO 19568 --- [main] e.t.scd.serverapp.ServerappApplication   : Starting ServerappApplication using Java 19.0.2 with PID 19568 (C:\Users\user\Desktop\Proiect_RaduMiron_SCD\serverapp2\target\classes started by user in C:\Users\user\Desktop\Proiect_RaduMiron_SCD\serverapp2)
2024-02-29T00:56:31.891+02:00  INFO 19568 --- [main] e.t.scd.serverapp.ServerappApplication   : No active profile set, falling back to 1 default profile: "default"
2024-02-29T00:56:33.539+02:00  INFO 19568 --- [main] .s.d.r.c.RepositoryConfigurationDelegate : Bootstrapping Spring Data JPA repositories in DEFAULT mode.
2024-02-29T00:56:33.649+02:00  INFO 19568 --- [main] .s.d.r.c.RepositoryConfigurationDelegate : Finished Spring Data repository scanning in 98 ms. Found 3 JPA repository interfaces.
2024-02-29T00:56:34.756+02:00  INFO 19568 --- [main] o.s.b.w.embedded.tomcat.TomcatWebServer  : Tomcat initialized with port(s): 8082 (http)
2024-02-29T00:56:34.786+02:00  INFO 19568 --- [main] o.apache.catalina.core.StandardService   : Starting service [Tomcat]
2024-02-29T00:56:34.786+02:00  INFO 19568 --- [main] o.apache.catalina.core.StandardEngine    : Starting Servlet engine: [Apache Tomcat/10.1.13]
2024-02-29T00:56:34.977+02:00  INFO 19568 --- [main] o.a.c.c.C.[Tomcat].[localhost].[/]       : Initializing Spring embedded WebApplicationContext
2024-02-29T00:56:34.979+02:00  INFO 19568 --- [main] w.s.c.ServletWebServerApplicationContext : Root WebApplicationContext: initialization completed in 2979 ms
2024-02-29T00:56:35.318+02:00  INFO 19568 --- [main] o.hibernate.jpa.internal.util.LogHelper  : HHH000204: Processing PersistenceUnitInfo [name: default]
2024-02-29T00:56:35.461+02:00  INFO 19568 --- [main] org.hibernate.Version                    : HHH000412: Hibernate ORM core version 6.2.9.Final
2024-02-29T00:56:35.466+02:00  INFO 19568 --- [main] org.hibernate.cfg.Environment            : HHH000406: Using bytecode reflection optimizer
2024-02-29T00:56:35.752+02:00  INFO 19568 --- [main] o.h.b.i.BytecodeProviderInitiator        : HHH000021: Bytecode provider name : bytebuddy
2024-02-29T00:56:36.035+02:00  INFO 19568 --- [main] o.s.o.j.p.SpringPersistenceUnitInfo      : No LoadTimeWeaver setup: ignoring JPA class transformer
2024-02-29T00:56:36.063+02:00  INFO 19568 --- [main] com.zaxxer.hikari.HikariDataSource       : HikariPool-1 - Starting...
2024-02-29T00:56:36.695+02:00  INFO 19568 --- [main] com.zaxxer.hikari.pool.HikariPool        : HikariPool-1 - Added connection com.mysql.cj.jdbc.ConnectionImpl@5c8ab9de
2024-02-29T00:56:36.699+02:00  INFO 19568 --- [main] com.zaxxer.hikari.HikariDataSource       : HikariPool-1 - Start completed.
2024-02-29T00:56:36.794+02:00  WARN 19568 --- [main] org.hibernate.orm.deprecation            : HHH90000026: MySQL8Dialect has been deprecated; use org.hibernate.dialect.MySQLDialect instead
2024-02-29T00:56:37.299+02:00  INFO 19568 --- [main] o.h.b.i.BytecodeProviderInitiator        : HHH000021: Bytecode provider name : bytebuddy
2024-02-29T00:56:38.320+02:00  INFO 19568 --- [main] o.h.e.t.j.p.i.JtaPlatformInitiator       : HHH000490: Using JtaPlatform implementation: [org.hibernate.engine.transaction.jta.platform.internal.NoJtaPlatform]
2024-02-29T00:56:38.436+02:00  INFO 19568 --- [main] j.LocalContainerEntityManagerFactoryBean : Initialized JPA EntityManagerFactory for persistence unit 'default'
2024-02-29T00:56:38.939+02:00  INFO 19568 --- [main] o.s.d.j.r.query.QueryEnhancerFactory     : Hibernate is in classpath; If applicable, HQL parser will be used.
2024-02-29T00:56:39.389+02:00  WARN 19568 --- [main] JpaBaseConfiguration$JpaWebConfiguration : spring.jpa.open-in-view is enabled by default. Therefore, database queries may be performed during view rendering. Explicitly configure spring.jpa.open-in-view to disable this warning
2024-02-29T00:56:39.650+02:00  INFO 19568 --- [main] o.s.b.a.w.s.WelcomePageHandlerMapping    : Adding welcome page: class path resource [static/index.html]
2024-02-29T00:56:40.135+02:00  INFO 19568 --- [main] o.s.b.w.embedded.tomcat.TomcatWebServer  : Tomcat started on port(s): 8082 (http) with context path ''
2024-02-29T00:56:40.160+02:00  INFO 19568 --- [main] e.t.scd.serverapp.ServerappApplication   : Started ServerappApplication in 9.241 seconds (process running for 10.221)
2024-02-29T00:59:40.728+02:00  INFO 19568 --- [http-nio-8082-exec-1] o.a.c.c.C.[Tomcat].[localhost].[/]       : Initializing Spring DispatcherServlet 'dispatcherServlet'
2024-02-29T00:59:40.737+02:00  INFO 19568 --- [http-nio-8082-exec-1] o.s.web.servlet.DispatcherServlet        : Initializing Servlet 'dispatcherServlet'
2024-02-29T00:59:40.742+02:00  INFO 19568 --- [http-nio-8082-exec-1] o.s.web.servlet.DispatcherServlet        : Completed initialization in 5 ms
2024-02-29T01:42:34.875+02:00  INFO 19568 --- [http-nio-8082-exec-3] o.springdoc.api.AbstractOpenApiResource  : Init duration for springdoc-openapi is: 415 ms
2024-02-29T02:04:18.993+02:00  INFO 19568 --- [SpringApplicationShutdownHook] j.LocalContainerEntityManagerFactoryBean : Closing JPA EntityManagerFactory for persistence unit 'default'
2024-02-29T02:04:18.995+02:00  INFO 19568 --- [SpringApplicationShutdownHook] com.zaxxer.hikari.HikariDataSource       : HikariPool-1 - Shutdown initiated...
2024-02-29T02:04:19.000+02:00  INFO 19568 --- [SpringApplicationShutdownHook] com.zaxxer.hikari.HikariDataSource       : HikariPool-1 - Shutdown completed.
