2024-04-29T13:02:04.045+03:00  INFO 3476 --- [main] e.t.scd.serverapp.ServerappApplication   : Starting ServerappApplication using Java 19.0.2 with PID 3476 (C:\Users\user\Desktop\Proiect_RaduMiron_SCD\serverapp2\target\classes started by user in C:\Users\user\Desktop\Proiect_RaduMiron_SCD\serverapp2)
2024-04-29T13:02:04.052+03:00  INFO 3476 --- [main] e.t.scd.serverapp.ServerappApplication   : No active profile set, falling back to 1 default profile: "default"
2024-04-29T13:02:05.060+03:00  INFO 3476 --- [main] .s.d.r.c.RepositoryConfigurationDelegate : Bootstrapping Spring Data JPA repositories in DEFAULT mode.
2024-04-29T13:02:05.131+03:00  INFO 3476 --- [main] .s.d.r.c.RepositoryConfigurationDelegate : Finished Spring Data repository scanning in 63 ms. Found 3 JPA repository interfaces.
2024-04-29T13:02:05.839+03:00  INFO 3476 --- [main] o.s.b.w.embedded.tomcat.TomcatWebServer  : Tomcat initialized with port(s): 8082 (http)
2024-04-29T13:02:05.850+03:00  INFO 3476 --- [main] o.apache.catalina.core.StandardService   : Starting service [Tomcat]
2024-04-29T13:02:05.851+03:00  INFO 3476 --- [main] o.apache.catalina.core.StandardEngine    : Starting Servlet engine: [Apache Tomcat/10.1.13]
2024-04-29T13:02:05.949+03:00  INFO 3476 --- [main] o.a.c.c.C.[Tomcat].[localhost].[/]       : Initializing Spring embedded WebApplicationContext
2024-04-29T13:02:05.950+03:00  INFO 3476 --- [main] w.s.c.ServletWebServerApplicationContext : Root WebApplicationContext: initialization completed in 1824 ms
2024-04-29T13:02:06.154+03:00  INFO 3476 --- [main] o.hibernate.jpa.internal.util.LogHelper  : HHH000204: Processing PersistenceUnitInfo [name: default]
2024-04-29T13:02:06.239+03:00  INFO 3476 --- [main] org.hibernate.Version                    : HHH000412: Hibernate ORM core version 6.2.9.Final
2024-04-29T13:02:06.241+03:00  INFO 3476 --- [main] org.hibernate.cfg.Environment            : HHH000406: Using bytecode reflection optimizer
2024-04-29T13:02:06.427+03:00  INFO 3476 --- [main] o.h.b.i.BytecodeProviderInitiator        : HHH000021: Bytecode provider name : bytebuddy
2024-04-29T13:02:06.615+03:00  INFO 3476 --- [main] o.s.o.j.p.SpringPersistenceUnitInfo      : No LoadTimeWeaver setup: ignoring JPA class transformer
2024-04-29T13:02:06.638+03:00  INFO 3476 --- [main] com.zaxxer.hikari.HikariDataSource       : HikariPool-1 - Starting...
2024-04-29T13:02:07.068+03:00  INFO 3476 --- [main] com.zaxxer.hikari.pool.HikariPool        : HikariPool-1 - Added connection com.mysql.cj.jdbc.ConnectionImpl@5731caaf
2024-04-29T13:02:07.070+03:00  INFO 3476 --- [main] com.zaxxer.hikari.HikariDataSource       : HikariPool-1 - Start completed.
2024-04-29T13:02:07.136+03:00  WARN 3476 --- [main] org.hibernate.orm.deprecation            : HHH90000026: MySQL8Dialect has been deprecated; use org.hibernate.dialect.MySQLDialect instead
2024-04-29T13:02:07.424+03:00  INFO 3476 --- [main] o.h.b.i.BytecodeProviderInitiator        : HHH000021: Bytecode provider name : bytebuddy
2024-04-29T13:02:08.096+03:00  INFO 3476 --- [main] o.h.e.t.j.p.i.JtaPlatformInitiator       : HHH000490: Using JtaPlatform implementation: [org.hibernate.engine.transaction.jta.platform.internal.NoJtaPlatform]
2024-04-29T13:02:08.190+03:00  INFO 3476 --- [main] j.LocalContainerEntityManagerFactoryBean : Initialized JPA EntityManagerFactory for persistence unit 'default'
2024-04-29T13:02:08.503+03:00  INFO 3476 --- [main] o.s.d.j.r.query.QueryEnhancerFactory     : Hibernate is in classpath; If applicable, HQL parser will be used.
2024-04-29T13:02:08.800+03:00  WARN 3476 --- [main] JpaBaseConfiguration$JpaWebConfiguration : spring.jpa.open-in-view is enabled by default. Therefore, database queries may be performed during view rendering. Explicitly configure spring.jpa.open-in-view to disable this warning
2024-04-29T13:02:08.948+03:00  INFO 3476 --- [main] o.s.b.a.w.s.WelcomePageHandlerMapping    : Adding welcome page: class path resource [static/index.html]
2024-04-29T13:02:09.219+03:00  INFO 3476 --- [main] o.s.b.w.embedded.tomcat.TomcatWebServer  : Tomcat started on port(s): 8082 (http) with context path ''
2024-04-29T13:02:09.228+03:00  INFO 3476 --- [main] e.t.scd.serverapp.ServerappApplication   : Started ServerappApplication in 5.752 seconds (process running for 6.324)
2024-04-29T13:03:08.407+03:00  INFO 3476 --- [http-nio-8082-exec-1] o.a.c.c.C.[Tomcat].[localhost].[/]       : Initializing Spring DispatcherServlet 'dispatcherServlet'
2024-04-29T13:03:08.408+03:00  INFO 3476 --- [http-nio-8082-exec-1] o.s.web.servlet.DispatcherServlet        : Initializing Servlet 'dispatcherServlet'
2024-04-29T13:03:08.409+03:00  INFO 3476 --- [http-nio-8082-exec-1] o.s.web.servlet.DispatcherServlet        : Completed initialization in 1 ms
2024-04-29T13:03:09.086+03:00  INFO 3476 --- [http-nio-8082-exec-2] o.springdoc.api.AbstractOpenApiResource  : Init duration for springdoc-openapi is: 259 ms
2024-04-29T13:05:37.670+03:00  INFO 3476 --- [SpringApplicationShutdownHook] j.LocalContainerEntityManagerFactoryBean : Closing JPA EntityManagerFactory for persistence unit 'default'
2024-04-29T13:05:37.673+03:00  INFO 3476 --- [SpringApplicationShutdownHook] com.zaxxer.hikari.HikariDataSource       : HikariPool-1 - Shutdown initiated...
2024-04-29T13:05:37.679+03:00  INFO 3476 --- [SpringApplicationShutdownHook] com.zaxxer.hikari.HikariDataSource       : HikariPool-1 - Shutdown completed.
